{"/home/milottit/Libraries/LocalInstallation/e2e/util.ts": {"path":"/home/milottit/Libraries/LocalInstallation/e2e/util.ts","statementMap":{"0":{"start":{"line":1,"column":0},"end":{"line":1,"column":33}},"1":{"start":{"line":2,"column":0},"end":{"line":2,"column":50}},"2":{"start":{"line":3,"column":0},"end":{"line":3,"column":30}},"3":{"start":{"line":4,"column":0},"end":{"line":4,"column":24}},"4":{"start":{"line":7,"column":18},"end":{"line":7,"column":33}},"5":{"start":{"line":9,"column":13},"end":{"line":9,"column":49}},"6":{"start":{"line":12,"column":31},"end":{"line":12,"column":64}},"7":{"start":{"line":14,"column":4},"end":{"line":17,"column":null}},"8":{"start":{"line":15,"column":8},"end":{"line":15,"column":39}},"9":{"start":{"line":16,"column":8},"end":{"line":16,"column":39}},"10":{"start":{"line":11,"column":0},"end":{"line":11,"column":7}},"11":{"start":{"line":21,"column":13},"end":{"line":21,"column":47}},"12":{"start":{"line":22,"column":13},"end":{"line":22,"column":74}},"13":{"start":{"line":22,"column":48},"end":{"line":22,"column":73}}},"fnMap":{"0":{"name":"execAsyncCommand","decl":{"start":{"line":11,"column":22},"end":{"line":11,"column":38}},"loc":{"start":{"line":11,"column":136},"end":{"line":18,"column":1}}},"1":{"name":"(anonymous_2)","decl":{"start":{"line":22,"column":24},"end":{"line":22,"column":25}},"loc":{"start":{"line":22,"column":48},"end":{"line":22,"column":73}}}},"branchMap":{"0":{"loc":{"start":{"line":11,"column":131},"end":{"line":11,"column":136}},"type":"default-arg","locations":[{"start":{"line":11,"column":131},"end":{"line":11,"column":136}}]},"1":{"loc":{"start":{"line":14,"column":4},"end":{"line":17,"column":null}},"type":"if","locations":[{"start":{"line":14,"column":4},"end":{"line":17,"column":null}},{"start":{"line":14,"column":4},"end":{"line":17,"column":null}}]}},"s":{"0":1,"1":1,"2":1,"3":1,"4":1,"5":1,"6":2,"7":2,"8":0,"9":0,"10":1,"11":1,"12":1,"13":2},"f":{"0":2,"1":2},"b":{"0":[0],"1":[0,2]}}
,"/home/milottit/Libraries/LocalInstallation/src/node-project.ts": {"path":"/home/milottit/Libraries/LocalInstallation/src/node-project.ts","statementMap":{"0":{"start":{"line":2,"column":0},"end":{"line":2,"column":39}},"1":{"start":{"line":3,"column":0},"end":{"line":3,"column":24}},"2":{"start":{"line":5,"column":0},"end":{"line":5,"column":49}},"3":{"start":{"line":6,"column":0},"end":{"line":6,"column":44}},"4":{"start":{"line":8,"column":0},"end":{"line":8,"column":41}},"5":{"start":{"line":22,"column":8},"end":{"line":25,"column":10}},"6":{"start":{"line":29,"column":8},"end":{"line":30,"column":36}},"7":{"start":{"line":30,"column":12},"end":{"line":30,"column":36}},"8":{"start":{"line":32,"column":21},"end":{"line":32,"column":93}},"9":{"start":{"line":33,"column":8},"end":{"line":33,"column":32}},"10":{"start":{"line":34,"column":8},"end":{"line":34,"column":20}},"11":{"start":{"line":38,"column":8},"end":{"line":38,"column":74}},"12":{"start":{"line":38,"column":70},"end":{"line":38,"column":72}},"13":{"start":{"line":42,"column":8},"end":{"line":42,"column":61}},"14":{"start":{"line":46,"column":8},"end":{"line":46,"column":62}},"15":{"start":{"line":50,"column":8},"end":{"line":51,"column":41}},"16":{"start":{"line":51,"column":12},"end":{"line":51,"column":41}},"17":{"start":{"line":53,"column":8},"end":{"line":53,"column":108}},"18":{"start":{"line":57,"column":28},"end":{"line":57,"column":55}},"19":{"start":{"line":58,"column":26},"end":{"line":58,"column":59}},"20":{"start":{"line":60,"column":8},"end":{"line":60,"column":62}},"21":{"start":{"line":64,"column":28},"end":{"line":64,"column":55}},"22":{"start":{"line":65,"column":28},"end":{"line":65,"column":101}},"23":{"start":{"line":65,"column":40},"end":{"line":65,"column":100}},"24":{"start":{"line":67,"column":8},"end":{"line":68,"column":29}},"25":{"start":{"line":68,"column":12},"end":{"line":68,"column":29}},"26":{"start":{"line":70,"column":37},"end":{"line":70,"column":51}},"27":{"start":{"line":71,"column":8},"end":{"line":71,"column":42}},"28":{"start":{"line":75,"column":28},"end":{"line":75,"column":55}},"29":{"start":{"line":76,"column":26},"end":{"line":76,"column":59}},"30":{"start":{"line":78,"column":30},"end":{"line":78,"column":67}},"31":{"start":{"line":79,"column":8},"end":{"line":79,"column":74}},"32":{"start":{"line":80,"column":8},"end":{"line":80,"column":128}},"33":{"start":{"line":84,"column":8},"end":{"line":84,"column":107}},"34":{"start":{"line":16,"column":0},"end":{"line":16,"column":13}},"35":{"start":{"line":17,"column":11},"end":{"line":17,"column":60}}},"fnMap":{"0":{"name":"(anonymous_1)","decl":{"start":{"line":21,"column":4},"end":{"line":21,"column":16}},"loc":{"start":{"line":21,"column":35},"end":{"line":26,"column":5}}},"1":{"name":"(anonymous_2)","decl":{"start":{"line":28,"column":11},"end":{"line":28,"column":16}},"loc":{"start":{"line":28,"column":31},"end":{"line":35,"column":5}}},"2":{"name":"(anonymous_3)","decl":{"start":{"line":37,"column":11},"end":{"line":37,"column":16}},"loc":{"start":{"line":37,"column":33},"end":{"line":39,"column":5}}},"3":{"name":"(anonymous_4)","decl":{"start":{"line":38,"column":65},"end":{"line":38,"column":66}},"loc":{"start":{"line":38,"column":70},"end":{"line":38,"column":72}}},"4":{"name":"(anonymous_5)","decl":{"start":{"line":41,"column":11},"end":{"line":41,"column":28}},"loc":{"start":{"line":41,"column":28},"end":{"line":43,"column":5}}},"5":{"name":"(anonymous_6)","decl":{"start":{"line":45,"column":11},"end":{"line":45,"column":23}},"loc":{"start":{"line":45,"column":40},"end":{"line":47,"column":5}}},"6":{"name":"(anonymous_7)","decl":{"start":{"line":49,"column":11},"end":{"line":49,"column":16}},"loc":{"start":{"line":49,"column":28},"end":{"line":54,"column":5}}},"7":{"name":"(anonymous_8)","decl":{"start":{"line":56,"column":11},"end":{"line":56,"column":16}},"loc":{"start":{"line":56,"column":61},"end":{"line":61,"column":5}}},"8":{"name":"(anonymous_9)","decl":{"start":{"line":63,"column":11},"end":{"line":63,"column":16}},"loc":{"start":{"line":63,"column":45},"end":{"line":72,"column":5}}},"9":{"name":"(anonymous_10)","decl":{"start":{"line":65,"column":34},"end":{"line":65,"column":37}},"loc":{"start":{"line":65,"column":40},"end":{"line":65,"column":100}}},"10":{"name":"(anonymous_11)","decl":{"start":{"line":74,"column":11},"end":{"line":74,"column":16}},"loc":{"start":{"line":74,"column":58},"end":{"line":81,"column":5}}},"11":{"name":"(anonymous_12)","decl":{"start":{"line":83,"column":11},"end":{"line":83,"column":16}},"loc":{"start":{"line":83,"column":33},"end":{"line":85,"column":5}}}},"branchMap":{"0":{"loc":{"start":{"line":29,"column":8},"end":{"line":30,"column":36}},"type":"if","locations":[{"start":{"line":29,"column":8},"end":{"line":30,"column":36}},{"start":{"line":29,"column":8},"end":{"line":30,"column":36}}]},"1":{"loc":{"start":{"line":50,"column":8},"end":{"line":51,"column":41}},"type":"if","locations":[{"start":{"line":50,"column":8},"end":{"line":51,"column":41}},{"start":{"line":50,"column":8},"end":{"line":51,"column":41}}]},"2":{"loc":{"start":{"line":67,"column":8},"end":{"line":68,"column":29}},"type":"if","locations":[{"start":{"line":67,"column":8},"end":{"line":68,"column":29}},{"start":{"line":67,"column":8},"end":{"line":68,"column":29}}]},"3":{"loc":{"start":{"line":79,"column":39},"end":{"line":79,"column":67}},"type":"binary-expr","locations":[{"start":{"line":79,"column":39},"end":{"line":79,"column":67}},{"start":{"line":79,"column":71},"end":{"line":79,"column":73}}]}},"s":{"0":1,"1":1,"2":1,"3":1,"4":1,"5":0,"6":0,"7":0,"8":0,"9":0,"10":0,"11":0,"12":0,"13":0,"14":0,"15":0,"16":0,"17":0,"18":0,"19":0,"20":0,"21":0,"22":0,"23":0,"24":0,"25":0,"26":0,"27":0,"28":0,"29":0,"30":0,"31":0,"32":0,"33":0,"34":1,"35":1},"f":{"0":0,"1":0,"2":0,"3":0,"4":0,"5":0,"6":0,"7":0,"8":0,"9":0,"10":0,"11":0},"b":{"0":[0,0],"1":[0,0],"2":[0,0],"3":[0,0]}}
,"/home/milottit/Libraries/LocalInstallation/src/read-json5.ts": {"path":"/home/milottit/Libraries/LocalInstallation/src/read-json5.ts","statementMap":{"0":{"start":{"line":1,"column":0},"end":{"line":1,"column":26}},"1":{"start":{"line":2,"column":0},"end":{"line":2,"column":50}},"2":{"start":{"line":8,"column":26},"end":{"line":8,"column":70}},"3":{"start":{"line":8,"column":34},"end":{"line":8,"column":70}},"4":{"start":{"line":10,"column":4},"end":{"line":13,"column":null}},"5":{"start":{"line":11,"column":21},"end":{"line":11,"column":51}},"6":{"start":{"line":12,"column":8},"end":{"line":12,"column":35}},"7":{"start":{"line":15,"column":4},"end":{"line":15,"column":58}},"8":{"start":{"line":6,"column":0},"end":{"line":6,"column":16}},"9":{"start":{"line":19,"column":4},"end":{"line":19,"column":74}},"10":{"start":{"line":18,"column":0},"end":{"line":18,"column":16}},"11":{"start":{"line":23,"column":4},"end":{"line":23,"column":84}},"12":{"start":{"line":22,"column":0},"end":{"line":22,"column":16}}},"fnMap":{"0":{"name":"readJson","decl":{"start":{"line":6,"column":16},"end":{"line":6,"column":24}},"loc":{"start":{"line":6,"column":65},"end":{"line":16,"column":1}}},"1":{"name":"(anonymous_2)","decl":{"start":{"line":8,"column":26},"end":{"line":8,"column":30}},"loc":{"start":{"line":8,"column":34},"end":{"line":8,"column":70}}},"2":{"name":"readJsonSync","decl":{"start":{"line":18,"column":16},"end":{"line":18,"column":28}},"loc":{"start":{"line":18,"column":45},"end":{"line":20,"column":1}}},"3":{"name":"readJsonASync","decl":{"start":{"line":22,"column":16},"end":{"line":22,"column":29}},"loc":{"start":{"line":22,"column":46},"end":{"line":24,"column":1}}}},"branchMap":{"0":{"loc":{"start":{"line":8,"column":48},"end":{"line":8,"column":50}},"type":"cond-expr","locations":[{"start":{"line":8,"column":48},"end":{"line":8,"column":50}},{"start":{"line":8,"column":53},"end":{"line":8,"column":70}}]},"1":{"loc":{"start":{"line":10,"column":4},"end":{"line":13,"column":null}},"type":"if","locations":[{"start":{"line":10,"column":4},"end":{"line":13,"column":null}},{"start":{"line":10,"column":4},"end":{"line":13,"column":null}}]}},"s":{"0":1,"1":1,"2":3,"3":3,"4":3,"5":3,"6":3,"7":0,"8":1,"9":3,"10":1,"11":0,"12":1},"f":{"0":3,"1":3,"2":3,"3":0},"b":{"0":[0,3],"1":[3,0]}}
,"/home/milottit/Libraries/LocalInstallation/src/util/colors.ts": {"path":"/home/milottit/Libraries/LocalInstallation/src/util/colors.ts","statementMap":{"0":{"start":{"line":1,"column":0},"end":{"line":1,"column":81}},"1":{"start":{"line":2,"column":0},"end":{"line":2,"column":41}},"2":{"start":{"line":4,"column":10},"end":{"line":4,"column":29}},"3":{"start":{"line":6,"column":13},"end":{"line":6,"column":29}},"4":{"start":{"line":7,"column":13},"end":{"line":7,"column":33}},"5":{"start":{"line":8,"column":13},"end":{"line":8,"column":31}},"6":{"start":{"line":9,"column":13},"end":{"line":9,"column":27}},"7":{"start":{"line":10,"column":13},"end":{"line":10,"column":29}},"8":{"start":{"line":11,"column":13},"end":{"line":11,"column":52}},"9":{"start":{"line":12,"column":13},"end":{"line":12,"column":50}},"10":{"start":{"line":13,"column":13},"end":{"line":13,"column":48}},"11":{"start":{"line":14,"column":13},"end":{"line":14,"column":46}},"12":{"start":{"line":16,"column":13},"end":{"line":16,"column":84}},"13":{"start":{"line":16,"column":53},"end":{"line":16,"column":83}}},"fnMap":{"0":{"name":"(anonymous_0)","decl":{"start":{"line":16,"column":27},"end":{"line":16,"column":28}},"loc":{"start":{"line":16,"column":53},"end":{"line":16,"column":83}}}},"branchMap":{},"s":{"0":1,"1":1,"2":1,"3":1,"4":1,"5":1,"6":1,"7":1,"8":1,"9":1,"10":1,"11":1,"12":1,"13":0},"f":{"0":0},"b":{}}
,"/home/milottit/Libraries/LocalInstallation/src/util/common.ts": {"path":"/home/milottit/Libraries/LocalInstallation/src/util/common.ts","statementMap":{"0":{"start":{"line":1,"column":0},"end":{"line":1,"column":20}},"1":{"start":{"line":2,"column":0},"end":{"line":2,"column":33}},"2":{"start":{"line":3,"column":0},"end":{"line":3,"column":28}},"3":{"start":{"line":5,"column":13},"end":{"line":5,"column":46}},"4":{"start":{"line":6,"column":13},"end":{"line":6,"column":42}},"5":{"start":{"line":7,"column":13},"end":{"line":7,"column":42}},"6":{"start":{"line":8,"column":13},"end":{"line":8,"column":48}},"7":{"start":{"line":9,"column":13},"end":{"line":9,"column":48}},"8":{"start":{"line":10,"column":13},"end":{"line":10,"column":46}},"9":{"start":{"line":11,"column":13},"end":{"line":11,"column":37}},"10":{"start":{"line":13,"column":13},"end":{"line":13,"column":62}},"11":{"start":{"line":17,"column":17},"end":{"line":17,"column":25}},"12":{"start":{"line":18,"column":28},"end":{"line":18,"column":46}},"13":{"start":{"line":20,"column":4},"end":{"line":21,"column":17}},"14":{"start":{"line":21,"column":8},"end":{"line":21,"column":17}},"15":{"start":{"line":23,"column":19},"end":{"line":23,"column":54}},"16":{"start":{"line":24,"column":17},"end":{"line":24,"column":41}},"17":{"start":{"line":27,"column":4},"end":{"line":27,"column":56}},"18":{"start":{"line":15,"column":0},"end":{"line":15,"column":16}}},"fnMap":{"0":{"name":"stringAlignCenter","decl":{"start":{"line":15,"column":16},"end":{"line":15,"column":33}},"loc":{"start":{"line":15,"column":73},"end":{"line":28,"column":1}}}},"branchMap":{"0":{"loc":{"start":{"line":13,"column":29},"end":{"line":13,"column":55}},"type":"binary-expr","locations":[{"start":{"line":13,"column":29},"end":{"line":13,"column":55}},{"start":{"line":13,"column":59},"end":{"line":13,"column":61}}]},"1":{"loc":{"start":{"line":15,"column":60},"end":{"line":15,"column":73}},"type":"default-arg","locations":[{"start":{"line":15,"column":60},"end":{"line":15,"column":73}}]},"2":{"loc":{"start":{"line":20,"column":4},"end":{"line":21,"column":17}},"type":"if","locations":[{"start":{"line":20,"column":4},"end":{"line":21,"column":17}},{"start":{"line":20,"column":4},"end":{"line":21,"column":17}}]}},"s":{"0":1,"1":1,"2":1,"3":1,"4":1,"5":1,"6":1,"7":1,"8":1,"9":1,"10":1,"11":0,"12":0,"13":0,"14":0,"15":0,"16":0,"17":0,"18":1},"f":{"0":0},"b":{"0":[1,0],"1":[0],"2":[0,0]}}
}
