{"/home/milottit/Libraries/LocalInstallation/e2e/common.ts": {"path":"/home/milottit/Libraries/LocalInstallation/e2e/common.ts","statementMap":{"0":{"start":{"line":1,"column":0},"end":{"line":1,"column":43}},"1":{"start":{"line":2,"column":0},"end":{"line":2,"column":110}},"2":{"start":{"line":3,"column":0},"end":{"line":3,"column":50}},"3":{"start":{"line":4,"column":0},"end":{"line":4,"column":24}},"4":{"start":{"line":5,"column":0},"end":{"line":5,"column":35}},"5":{"start":{"line":17,"column":24},"end":{"line":17,"column":117}},"6":{"start":{"line":18,"column":4},"end":{"line":18,"column":29}},"7":{"start":{"line":20,"column":29},"end":{"line":20,"column":76}},"8":{"start":{"line":22,"column":22},"end":{"line":22,"column":95}},"9":{"start":{"line":22,"column":41},"end":{"line":22,"column":84}},"10":{"start":{"line":23,"column":20},"end":{"line":23,"column":88}},"11":{"start":{"line":25,"column":4},"end":{"line":25,"column":73}},"12":{"start":{"line":26,"column":4},"end":{"line":26,"column":68}},"13":{"start":{"line":16,"column":0},"end":{"line":16,"column":16}},"14":{"start":{"line":32,"column":28},"end":{"line":32,"column":86}},"15":{"start":{"line":34,"column":4},"end":{"line":37,"column":null}},"16":{"start":{"line":34,"column":17},"end":{"line":34,"column":18}},"17":{"start":{"line":35,"column":8},"end":{"line":36,"column":60}},"18":{"start":{"line":36,"column":12},"end":{"line":36,"column":60}},"19":{"start":{"line":39,"column":4},"end":{"line":44,"column":8}},"20":{"start":{"line":40,"column":33},"end":{"line":40,"column":117}},"21":{"start":{"line":41,"column":8},"end":{"line":41,"column":72}},"22":{"start":{"line":42,"column":8},"end":{"line":43,"column":63}},"23":{"start":{"line":43,"column":12},"end":{"line":43,"column":63}},"24":{"start":{"line":31,"column":0},"end":{"line":31,"column":7}},"25":{"start":{"line":50,"column":4},"end":{"line":50,"column":36}},"26":{"start":{"line":52,"column":4},"end":{"line":53,"column":15}},"27":{"start":{"line":53,"column":8},"end":{"line":53,"column":15}},"28":{"start":{"line":55,"column":21},"end":{"line":55,"column":94}},"29":{"start":{"line":55,"column":66},"end":{"line":55,"column":92}},"30":{"start":{"line":57,"column":4},"end":{"line":57,"column":46}},"31":{"start":{"line":59,"column":4},"end":{"line":70,"column":null}},"32":{"start":{"line":60,"column":8},"end":{"line":60,"column":80}},"33":{"start":{"line":60,"column":33},"end":{"line":60,"column":39}},"34":{"start":{"line":62,"column":28},"end":{"line":62,"column":72}},"35":{"start":{"line":63,"column":8},"end":{"line":69,"column":26}},"36":{"start":{"line":63,"column":33},"end":{"line":63,"column":45}},"37":{"start":{"line":64,"column":23},"end":{"line":64,"column":63}},"38":{"start":{"line":65,"column":12},"end":{"line":66,"column":44}},"39":{"start":{"line":66,"column":16},"end":{"line":66,"column":44}},"40":{"start":{"line":68,"column":12},"end":{"line":68,"column":53}},"41":{"start":{"line":48,"column":0},"end":{"line":48,"column":16}}},"fnMap":{"0":{"name":"execNpmLocal","decl":{"start":{"line":16,"column":16},"end":{"line":16,"column":28}},"loc":{"start":{"line":16,"column":87},"end":{"line":27,"column":1}}},"1":{"name":"(anonymous_2)","decl":{"start":{"line":22,"column":31},"end":{"line":22,"column":32}},"loc":{"start":{"line":22,"column":41},"end":{"line":22,"column":84}}},"2":{"name":"checkInstallDir","decl":{"start":{"line":31,"column":22},"end":{"line":31,"column":37}},"loc":{"start":{"line":31,"column":111},"end":{"line":45,"column":1}}},"3":{"name":"(anonymous_4)","decl":{"start":{"line":39,"column":31},"end":{"line":39,"column":36}},"loc":{"start":{"line":39,"column":43},"end":{"line":44,"column":5}}},"4":{"name":"checkLocalProp","decl":{"start":{"line":48,"column":16},"end":{"line":48,"column":30}},"loc":{"start":{"line":48,"column":93},"end":{"line":71,"column":1}}},"5":{"name":"(anonymous_6)","decl":{"start":{"line":55,"column":51},"end":{"line":55,"column":52}},"loc":{"start":{"line":55,"column":66},"end":{"line":55,"column":92}}},"6":{"name":"(anonymous_7)","decl":{"start":{"line":60,"column":28},"end":{"line":60,"column":29}},"loc":{"start":{"line":60,"column":33},"end":{"line":60,"column":39}}},"7":{"name":"(anonymous_8)","decl":{"start":{"line":63,"column":28},"end":{"line":63,"column":29}},"loc":{"start":{"line":63,"column":33},"end":{"line":63,"column":45}}},"8":{"name":"(anonymous_9)","decl":{"start":{"line":63,"column":52},"end":{"line":63,"column":55}},"loc":{"start":{"line":63,"column":58},"end":{"line":69,"column":9}}}},"branchMap":{"0":{"loc":{"start":{"line":16,"column":64},"end":{"line":16,"column":66}},"type":"default-arg","locations":[{"start":{"line":16,"column":64},"end":{"line":16,"column":66}}]},"1":{"loc":{"start":{"line":20,"column":42},"end":{"line":20,"column":71}},"type":"cond-expr","locations":[{"start":{"line":20,"column":42},"end":{"line":20,"column":71}},{"start":{"line":20,"column":74},"end":{"line":20,"column":76}}]},"2":{"loc":{"start":{"line":22,"column":70},"end":{"line":22,"column":77}},"type":"cond-expr","locations":[{"start":{"line":22,"column":70},"end":{"line":22,"column":77}},{"start":{"line":22,"column":80},"end":{"line":22,"column":82}}]},"3":{"loc":{"start":{"line":31,"column":97},"end":{"line":31,"column":111}},"type":"default-arg","locations":[{"start":{"line":31,"column":97},"end":{"line":31,"column":111}}]},"4":{"loc":{"start":{"line":35,"column":8},"end":{"line":36,"column":60}},"type":"if","locations":[{"start":{"line":35,"column":8},"end":{"line":36,"column":60}},{"start":{"line":35,"column":8},"end":{"line":36,"column":60}}]},"5":{"loc":{"start":{"line":52,"column":4},"end":{"line":53,"column":15}},"type":"if","locations":[{"start":{"line":52,"column":4},"end":{"line":53,"column":15}},{"start":{"line":52,"column":4},"end":{"line":53,"column":15}}]},"6":{"loc":{"start":{"line":64,"column":49},"end":{"line":64,"column":52}},"type":"cond-expr","locations":[{"start":{"line":64,"column":49},"end":{"line":64,"column":52}},{"start":{"line":64,"column":55},"end":{"line":64,"column":63}}]},"7":{"loc":{"start":{"line":65,"column":12},"end":{"line":66,"column":44}},"type":"if","locations":[{"start":{"line":65,"column":12},"end":{"line":66,"column":44}},{"start":{"line":65,"column":12},"end":{"line":66,"column":44}}]}},"s":{"0":1,"1":1,"2":1,"3":1,"4":1,"5":3,"6":3,"7":3,"8":3,"9":6,"10":3,"11":3,"12":3,"13":1,"14":3,"15":3,"16":3,"17":12,"18":11,"19":3,"20":9,"21":9,"22":9,"23":24,"24":1,"25":7,"26":7,"27":0,"28":7,"29":15,"30":7,"31":7,"32":15,"33":37,"34":15,"35":15,"36":37,"37":26,"38":26,"39":18,"40":26,"41":1},"f":{"0":3,"1":6,"2":3,"3":9,"4":7,"5":15,"6":37,"7":37,"8":26},"b":{"0":[1],"1":[1,2],"2":[2,4],"3":[0],"4":[11,1],"5":[0,7],"6":[14,12],"7":[18,8]}}
,"/home/milottit/Libraries/LocalInstallation/e2e/projects.config.ts": {"path":"/home/milottit/Libraries/LocalInstallation/e2e/projects.config.ts","statementMap":{"0":{"start":{"line":3,"column":13},"end":{"line":31,"column":2}}},"fnMap":{},"branchMap":{},"s":{"0":1},"f":{},"b":{}}
,"/home/milottit/Libraries/LocalInstallation/e2e/util.ts": {"path":"/home/milottit/Libraries/LocalInstallation/e2e/util.ts","statementMap":{"0":{"start":{"line":1,"column":0},"end":{"line":1,"column":33}},"1":{"start":{"line":2,"column":0},"end":{"line":2,"column":50}},"2":{"start":{"line":3,"column":0},"end":{"line":3,"column":30}},"3":{"start":{"line":4,"column":0},"end":{"line":4,"column":24}},"4":{"start":{"line":8,"column":18},"end":{"line":8,"column":33}},"5":{"start":{"line":10,"column":13},"end":{"line":10,"column":49}},"6":{"start":{"line":13,"column":31},"end":{"line":13,"column":64}},"7":{"start":{"line":15,"column":4},"end":{"line":18,"column":null}},"8":{"start":{"line":16,"column":8},"end":{"line":16,"column":39}},"9":{"start":{"line":17,"column":8},"end":{"line":17,"column":39}},"10":{"start":{"line":12,"column":0},"end":{"line":12,"column":7}},"11":{"start":{"line":22,"column":13},"end":{"line":22,"column":47}},"12":{"start":{"line":23,"column":13},"end":{"line":23,"column":74}},"13":{"start":{"line":23,"column":48},"end":{"line":23,"column":73}},"14":{"start":{"line":27,"column":13},"end":{"line":27,"column":53}},"15":{"start":{"line":28,"column":13},"end":{"line":28,"column":56}},"16":{"start":{"line":30,"column":13},"end":{"line":30,"column":83}},"17":{"start":{"line":30,"column":41},"end":{"line":30,"column":82}}},"fnMap":{"0":{"name":"execAsyncCommand","decl":{"start":{"line":12,"column":22},"end":{"line":12,"column":38}},"loc":{"start":{"line":12,"column":136},"end":{"line":19,"column":1}}},"1":{"name":"(anonymous_2)","decl":{"start":{"line":23,"column":24},"end":{"line":23,"column":25}},"loc":{"start":{"line":23,"column":48},"end":{"line":23,"column":73}}},"2":{"name":"(anonymous_3)","decl":{"start":{"line":30,"column":26},"end":{"line":30,"column":27}},"loc":{"start":{"line":30,"column":41},"end":{"line":30,"column":82}}}},"branchMap":{"0":{"loc":{"start":{"line":12,"column":131},"end":{"line":12,"column":136}},"type":"default-arg","locations":[{"start":{"line":12,"column":131},"end":{"line":12,"column":136}}]},"1":{"loc":{"start":{"line":15,"column":4},"end":{"line":18,"column":null}},"type":"if","locations":[{"start":{"line":15,"column":4},"end":{"line":18,"column":null}},{"start":{"line":15,"column":4},"end":{"line":18,"column":null}}]}},"s":{"0":1,"1":1,"2":1,"3":1,"4":1,"5":1,"6":3,"7":3,"8":0,"9":0,"10":1,"11":1,"12":1,"13":2,"14":1,"15":1,"16":1,"17":37},"f":{"0":3,"1":2,"2":37},"b":{"0":[3],"1":[0,3]}}
,"/home/milottit/Libraries/LocalInstallation/src/read-json5.ts": {"path":"/home/milottit/Libraries/LocalInstallation/src/read-json5.ts","statementMap":{"0":{"start":{"line":1,"column":0},"end":{"line":1,"column":26}},"1":{"start":{"line":2,"column":0},"end":{"line":2,"column":50}},"2":{"start":{"line":8,"column":26},"end":{"line":8,"column":70}},"3":{"start":{"line":8,"column":34},"end":{"line":8,"column":70}},"4":{"start":{"line":10,"column":4},"end":{"line":13,"column":null}},"5":{"start":{"line":11,"column":21},"end":{"line":11,"column":51}},"6":{"start":{"line":12,"column":8},"end":{"line":12,"column":35}},"7":{"start":{"line":15,"column":4},"end":{"line":15,"column":58}},"8":{"start":{"line":6,"column":0},"end":{"line":6,"column":16}},"9":{"start":{"line":19,"column":4},"end":{"line":19,"column":74}},"10":{"start":{"line":18,"column":0},"end":{"line":18,"column":16}},"11":{"start":{"line":23,"column":4},"end":{"line":23,"column":84}},"12":{"start":{"line":22,"column":0},"end":{"line":22,"column":16}}},"fnMap":{"0":{"name":"readJson","decl":{"start":{"line":6,"column":16},"end":{"line":6,"column":24}},"loc":{"start":{"line":6,"column":65},"end":{"line":16,"column":1}}},"1":{"name":"(anonymous_2)","decl":{"start":{"line":8,"column":26},"end":{"line":8,"column":30}},"loc":{"start":{"line":8,"column":34},"end":{"line":8,"column":70}}},"2":{"name":"readJsonSync","decl":{"start":{"line":18,"column":16},"end":{"line":18,"column":28}},"loc":{"start":{"line":18,"column":45},"end":{"line":20,"column":1}}},"3":{"name":"readJsonAsync","decl":{"start":{"line":22,"column":16},"end":{"line":22,"column":29}},"loc":{"start":{"line":22,"column":46},"end":{"line":24,"column":1}}}},"branchMap":{"0":{"loc":{"start":{"line":8,"column":48},"end":{"line":8,"column":50}},"type":"cond-expr","locations":[{"start":{"line":8,"column":48},"end":{"line":8,"column":50}},{"start":{"line":8,"column":53},"end":{"line":8,"column":70}}]},"1":{"loc":{"start":{"line":10,"column":4},"end":{"line":13,"column":null}},"type":"if","locations":[{"start":{"line":10,"column":4},"end":{"line":13,"column":null}},{"start":{"line":10,"column":4},"end":{"line":13,"column":null}}]}},"s":{"0":1,"1":1,"2":14,"3":14,"4":14,"5":0,"6":0,"7":14,"8":1,"9":0,"10":1,"11":14,"12":1},"f":{"0":14,"1":14,"2":0,"3":14},"b":{"0":[0,14],"1":[0,14]}}
,"/home/milottit/Libraries/LocalInstallation/src/util/colors.ts": {"path":"/home/milottit/Libraries/LocalInstallation/src/util/colors.ts","statementMap":{"0":{"start":{"line":1,"column":0},"end":{"line":1,"column":81}},"1":{"start":{"line":2,"column":0},"end":{"line":2,"column":41}},"2":{"start":{"line":4,"column":10},"end":{"line":4,"column":29}},"3":{"start":{"line":6,"column":13},"end":{"line":6,"column":29}},"4":{"start":{"line":7,"column":13},"end":{"line":7,"column":33}},"5":{"start":{"line":8,"column":13},"end":{"line":8,"column":31}},"6":{"start":{"line":9,"column":13},"end":{"line":9,"column":27}},"7":{"start":{"line":10,"column":13},"end":{"line":10,"column":29}},"8":{"start":{"line":11,"column":13},"end":{"line":11,"column":29}},"9":{"start":{"line":12,"column":13},"end":{"line":12,"column":52}},"10":{"start":{"line":13,"column":13},"end":{"line":13,"column":50}},"11":{"start":{"line":14,"column":13},"end":{"line":14,"column":48}},"12":{"start":{"line":15,"column":13},"end":{"line":15,"column":46}},"13":{"start":{"line":17,"column":13},"end":{"line":17,"column":84}},"14":{"start":{"line":17,"column":53},"end":{"line":17,"column":83}}},"fnMap":{"0":{"name":"(anonymous_0)","decl":{"start":{"line":17,"column":27},"end":{"line":17,"column":28}},"loc":{"start":{"line":17,"column":53},"end":{"line":17,"column":83}}}},"branchMap":{},"s":{"0":1,"1":1,"2":1,"3":1,"4":1,"5":1,"6":1,"7":1,"8":1,"9":1,"10":1,"11":1,"12":1,"13":1,"14":0},"f":{"0":0},"b":{}}
,"/home/milottit/Libraries/LocalInstallation/src/util/common.ts": {"path":"/home/milottit/Libraries/LocalInstallation/src/util/common.ts","statementMap":{"0":{"start":{"line":1,"column":13},"end":{"line":1,"column":62}},"1":{"start":{"line":5,"column":17},"end":{"line":5,"column":25}},"2":{"start":{"line":6,"column":28},"end":{"line":6,"column":46}},"3":{"start":{"line":8,"column":4},"end":{"line":9,"column":17}},"4":{"start":{"line":9,"column":8},"end":{"line":9,"column":17}},"5":{"start":{"line":11,"column":19},"end":{"line":11,"column":54}},"6":{"start":{"line":12,"column":17},"end":{"line":12,"column":41}},"7":{"start":{"line":15,"column":4},"end":{"line":15,"column":56}},"8":{"start":{"line":3,"column":0},"end":{"line":3,"column":16}}},"fnMap":{"0":{"name":"stringAlignCenter","decl":{"start":{"line":3,"column":16},"end":{"line":3,"column":33}},"loc":{"start":{"line":3,"column":73},"end":{"line":16,"column":1}}}},"branchMap":{"0":{"loc":{"start":{"line":1,"column":29},"end":{"line":1,"column":55}},"type":"binary-expr","locations":[{"start":{"line":1,"column":29},"end":{"line":1,"column":55}},{"start":{"line":1,"column":59},"end":{"line":1,"column":61}}]},"1":{"loc":{"start":{"line":3,"column":60},"end":{"line":3,"column":73}},"type":"default-arg","locations":[{"start":{"line":3,"column":60},"end":{"line":3,"column":73}}]},"2":{"loc":{"start":{"line":8,"column":4},"end":{"line":9,"column":17}},"type":"if","locations":[{"start":{"line":8,"column":4},"end":{"line":9,"column":17}},{"start":{"line":8,"column":4},"end":{"line":9,"column":17}}]}},"s":{"0":1,"1":0,"2":0,"3":0,"4":0,"5":0,"6":0,"7":0,"8":1},"f":{"0":0},"b":{"0":[1,0],"1":[0],"2":[0,0]}}
}
